<?xml version="1.0" encoding="UTF-8"?>
<!-- Generated by org.testng.reporters.JUnitXMLReporter -->
<testsuite ignored="0" hostname="HP" failures="0" tests="1" name="Test2" time="12.404" errors="0" timestamp="2022-07-14T19:44:55 IST">
  <testcase classname="com.crm.actiTime.seleniumMavenFramework.genericUtility.BaseClass" name="@BeforeClass bcConfig" time="12.078">
    <failure type="java.lang.IllegalStateException" message="The path to the driver executable The path to the driver executable must be set by the webdriver.gecko.driver system property; for more information, see https://github.com/mozilla/geckodriver. The latest version can be downloaded from https://github.com/mozilla/geckodriver/releases">
      <![CDATA[java.lang.IllegalStateException: The path to the driver executable The path to the driver executable must be set by the webdriver.gecko.driver system property; for more information, see https://github.com/mozilla/geckodriver. The latest version can be downloaded from https://github.com/mozilla/geckodriver/releases
at org.openqa.selenium.internal.Require$StateChecker.nonNull(Require.java:311)
at org.openqa.selenium.remote.service.DriverService.findExecutable(DriverService.java:135)
at org.openqa.selenium.firefox.GeckoDriverService.access$100(GeckoDriverService.java:45)
at org.openqa.selenium.firefox.GeckoDriverService$Builder.findDefaultExecutable(GeckoDriverService.java:181)
at org.openqa.selenium.remote.service.DriverService$Builder.build(DriverService.java:437)
at org.openqa.selenium.firefox.GeckoDriverService.createDefaultService(GeckoDriverService.java:94)
at org.openqa.selenium.firefox.FirefoxDriver.<init>(FirefoxDriver.java:106)
at org.openqa.selenium.firefox.FirefoxDriver.<init>(FirefoxDriver.java:86)
at com.crm.actiTime.seleniumMavenFramework.genericUtility.BaseClass.bcConfig(BaseClass.java:40)
at java.base/java.util.ArrayList.forEach(ArrayList.java:1511)
at java.base/java.util.concurrent.FutureTask.run(FutureTask.java:264)
at java.base/java.util.concurrent.ThreadPoolExecutor.runWorker(ThreadPoolExecutor.java:1136)
at java.base/java.util.concurrent.ThreadPoolExecutor$Worker.run(ThreadPoolExecutor.java:635)
at java.base/java.lang.Thread.run(Thread.java:833)
... Removed 16 stack frames]]>
    </failure>
  </testcase> <!-- @BeforeClass bcConfig -->
  <testcase classname="com.crm.actiTime.seleniumMavenFramework.genericUtility.BaseClass" name="@BeforeMethod bmConfig" time="-1.65780809561E9">
    <skipped/>
  </testcase> <!-- @BeforeMethod bmConfig -->
  <testcase classname="com.crm.actiTime.seleniumMavenFramework.genericUtility.BaseClass" name="@AfterMethod amConfig" time="-1.657808095729E9">
    <skipped/>
  </testcase> <!-- @AfterMethod amConfig -->
  <testcase classname="com.crm.actiTime.seleniumMavenFramework.genericUtility.BaseClass" name="@AfterClass acConfig" time="-1.657808095786E9">
    <skipped/>
  </testcase> <!-- @AfterClass acConfig -->
  <testcase classname="com.crm.actiTime.seleniumMavenFramework.testNG.ParallelExecution" name="demo1" time="0.0">
    <skipped/>
  </testcase> <!-- demo1 -->
</testsuite> <!-- Test2 -->
